Arguments: 
  /home/crux/.nvm/versions/node/v16.14.2/bin/node /home/crux/.nvm/versions/node/v16.14.2/bin/yarn --network-timeout 1000000

PATH: 
  /home/crux/.gvm/pkgsets/go1.17.8/global/bin:/home/crux/.gvm/gos/go1.17.8/bin:/home/crux/.gvm/pkgsets/go1.17.8/global/overlay/bin:/home/crux/.gvm/bin:/home/crux/.gvm/bin:/home/crux/.nvm/versions/node/v16.14.2/bin:/home/crux/.vscode-server/bin/da15b6fd3ef856477bf6f4fb29ba1b7af717770d/bin/remote-cli:/usr/local/sbin:/usr/local/bin:/usr/sbin:/usr/bin:/sbin:/bin:/usr/games:/usr/local/games:/usr/lib/wsl/lib:/mnt/c/Program Files/OpenJDK/jdk-11.0.8.10-hotspot/bin:/mnt/c/WINDOWS/system32:/mnt/c/WINDOWS:/mnt/c/WINDOWS/System32/Wbem:/mnt/c/WINDOWS/System32/WindowsPowerShell/v1.0/:/mnt/c/WINDOWS/System32/OpenSSH/:/mnt/c/src/flutter/bin:/mnt/c/Program Files/Git/cmd:/mnt/c/Program Files/dotnet/:/mnt/c/Program Files/Docker/Docker/resources/bin:/mnt/c/ProgramData/DockerDesktop/version-bin:/mnt/c/Users/ntwar/AppData/Local/Microsoft/WindowsApps:/mnt/c/Program Files/JetBrains/IntelliJ IDEA 2021.2.3/bin:/mnt/c/Users/ntwar/AppData/Local/Programs/Microsoft VS Code/bin:/mnt/c/src/flutter/bin:/mnt/c/Program Files (x86)/Nmap:/snap/bin:/home/crux/.node/bin:/usr/local/go/bin:/home/crux/go/bin:/home/crux/.gvm/gos/go1.17.8/bin:/home/crux/.yarn/bin

Yarn version: 
  1.22.18

Node version: 
  16.14.2

Platform: 
  linux x64

Trace: 
  Error: connect ETIMEDOUT 173.245.58.219:443
      at TCPConnectWrap.afterConnect [as oncomplete] (node:net:1157:16)

npm manifest: 
  {
    "name": "furry",
  	"displayName": "furry",
  	"description": "",
  	"version": "0.0.1",
  	"engines": {
  		"vscode": "^1.67.0"
  	},
  	"categories": [
  		"Other"
  	],
  	"activationEvents": [
          "onCommand:furry.helloWorld"
  	],
  	"main": "./out/extension.js",
  	"contributes": {
  		"commands": [
  			{
  				"command": "furry.helloWorld",
  				"title": "Hello World"
  			}
  		]
  	},
  	"scripts": {
  		"vscode:prepublish": "yarn run compile",
  		"compile": "tsc -p ./",
  		"watch": "tsc -watch -p ./",
  		"pretest": "yarn run compile && yarn run lint",
  		"lint": "eslint src --ext ts",
  		"test": "node ./out/test/runTest.js"
  	},
  	"devDependencies": {
  		"@types/vscode": "^1.67.0",
  		"@types/glob": "^7.2.0",
  		"@types/mocha": "^9.1.1",
  		"@types/node": "14.x",
  		"@typescript-eslint/eslint-plugin": "^5.21.0",
  		"@typescript-eslint/parser": "^5.21.0",
  		"eslint": "^8.14.0",
  		"glob": "^8.0.1",
  		"mocha": "^9.2.2",
  		"typescript": "^4.6.4",
  		"@vscode/test-electron": "^2.1.3"
  	}
  }

yarn manifest: 
  No manifest

Lockfile: 
  No lockfile
